make[1]: Entering directory `/home/std/kinux98/repre/shlab/src'
./sdriver.pl -t trace01.txt -s ./tsh -a "-p"
#
# trace01.txt - Properly terminate on EOF.
#
./sdriver.pl -t trace02.txt -s ./tsh -a "-p"
#
# trace02.txt - Process builtin quit command.
#
./sdriver.pl -t trace03.txt -s ./tsh -a "-p"
#
# trace03.txt - Run a foreground job.
#
tsh> quit
./sdriver.pl -t trace04.txt -s ./tsh -a "-p"
#
# trace04.txt - Run a background job.
#
tsh> ./myspin 1 &
[1] (13562) ./myspin 1 &
./sdriver.pl -t trace05.txt -s ./tsh -a "-p"
#
# trace05.txt - Process jobs builtin command.
#
tsh> ./myspin 2 &
[1] (13578) ./myspin 2 &
tsh> ./myspin 3 &
[2] (13583) ./myspin 3 &
tsh> jobs
[1] (13578) Running ./myspin 2 &
[2] (13583) Running ./myspin 3 &
./sdriver.pl -t trace06.txt -s ./tsh -a "-p"
#
# trace06.txt - Forward SIGINT to foreground job.
#
tsh> ./myspin 4
Job [1] (13613) terminated by signal 2
./sdriver.pl -t trace07.txt -s ./tsh -a "-p"
#
# trace07.txt - Forward SIGINT only to foreground job.
#
tsh> ./myspin 4 &
[1] (13620) ./myspin 4 &
tsh> ./myspin 5
Job [2] (13624) terminated by signal 2
tsh> jobs
[1] (13620) Running ./myspin 4 &
./sdriver.pl -t trace08.txt -s ./tsh -a "-p"
#
# trace08.txt - Forward SIGTSTP only to foreground job.
#
tsh> ./myspin 4 &
[1] (13662) ./myspin 4 &
tsh> ./myspin 5
Job [2] (13665) stopped by signal 20
tsh> jobs
[1] (13662) Running ./myspin 4 &
[2] (13665) Stopped ./myspin 5 
./sdriver.pl -t trace09.txt -s ./tsh -a "-p"
#
# trace09.txt - Process bg builtin command
#
tsh> ./myspin 4 &
[1] (13688) ./myspin 4 &
tsh> ./myspin 5
Job [2] (13691) stopped by signal 20
tsh> jobs
[1] (13688) Running ./myspin 4 &
[2] (13691) Stopped ./myspin 5 
tsh> bg %2
[2] (13691) ./myspin 5 
tsh> jobs
[1] (13688) Running ./myspin 4 &
[2] (13691) Running ./myspin 5 
./sdriver.pl -t trace10.txt -s ./tsh -a "-p"
#
# trace10.txt - Process fg builtin command. 
#
tsh> ./myspin 4 &
[1] (13709) ./myspin 4 &
tsh> fg %1
Job [1] (13709) stopped by signal 20
tsh> jobs
[1] (13709) Stopped ./myspin 4 &
tsh> fg %1
tsh> jobs
./sdriver.pl -t trace11.txt -s ./tsh -a "-p"
#
# trace11.txt - Forward SIGINT to every process in foreground process group
#
tsh> ./mysplit 4
Job [1] (13723) terminated by signal 2
tsh> /bin/ps a
  PID TTY      STAT   TIME COMMAND
 1513 pts/64   Ss+    0:00 -bash
..
./sdriver.pl -t trace12.txt -s ./tsh -a "-p"
#
# trace12.txt - Forward SIGTSTP to every process in foreground process group
#
tsh> ./mysplit 4
Job [1] (13733) stopped by signal 20
tsh> jobs
[1] (13733) Stopped ./mysplit 4 
tsh> /bin/ps a
  PID TTY      STAT   TIME COMMAND
 1513 pts/64   Ss+    0:00 -bash
 3311 pts/38   Ss+    0:00 /bin/bash --init-file /home/std/daehyeonchoi/.vscode-server/bin/6261075646f055b99068d3688932416f2346dd3b/out/vs/workbench/contrib/terminal/browser/media/shellIntegration-bash.sh
 4525 pts/58   Ss+    0:00 -bash
 4904 pts/2    S+     0:01 vim tsh.c
 5234 tty1     Ss+    0:00 /sbin/agetty --noclear tty1 linux
 5270 pts/15   Ss+    0:00 /usr/bin/bash --init-file /home/std/pjy0422/.vscode-server/bin/6261075646f055b99068d3688932416f2346dd3b/out/vs/workbench/contrib/terminal/browser/media/shellIntegration-bash.sh
 ..
./sdriver.pl -t trace13.txt -s ./tsh -a "-p"
#
# trace13.txt - Restart every stopped process in process group
#
tsh> ./mysplit 4
Job [1] (13744) stopped by signal 20
tsh> jobs
[1] (13744) Stopped ./mysplit 4 
tsh> /bin/ps a
  PID TTY      STAT   TIME COMMAND
 1513 pts/64   Ss+    0:00 -bash
 ...
31437 pts/2    Ss     0:00 -bash
32740 pts/50   Ss+    0:00 /bin/bash
tsh> fg %1
tsh> /bin/ps a
  PID TTY      STAT   TIME COMMAND
 1513 pts/64   Ss+    0:00 -bash
 ..
32740 pts/50   Ss+    0:00 /bin/bash
./sdriver.pl -t trace14.txt -s ./tsh -a "-p"
#
# trace14.txt - Simple error handling
#
tsh> ./bogus
./bogus: Command not found
tsh> ./myspin 4 &
[1] (13763) ./myspin 4 &
tsh> fg
fg command requires PID or %jobid argument
tsh> bg
bg command requires PID or %jobid argument
tsh> fg a
fg: argument must be a PID or %jobid
tsh> bg a
bg: argument must be a PID or %jobid
tsh> fg 9999999
(9999999): No such process
tsh> bg 9999999
(9999999): No such process
kill (tstp) error: No such process
tsh> fg %2
./sdriver.pl -t trace15.txt -s ./tsh -a "-p"
#
# trace15.txt - Putting it all together
#
tsh> ./bogus
./bogus: Command not found
tsh> ./myspin 10
Job [1] (13782) terminated by signal 2
tsh> ./myspin 3 &
[1] (13786) ./myspin 3 &
tsh> ./myspin 4 &
[2] (13788) ./myspin 4 &
tsh> jobs
[1] (13786) Running ./myspin 3 &
[2] (13788) Running ./myspin 4 &
tsh> fg %1
Job [1] (13786) stopped by signal 20
tsh> jobs
[1] (13786) Stopped ./myspin 3 &
[2] (13788) Running ./myspin 4 &
tsh> bg %3
%3: No such job
tsh> bg %1
[1] (13786) ./myspin 3 &
tsh> jobs
[1] (13786) Running ./myspin 3 &
[2] (13788) Running ./myspin 4 &
tsh> fg %1
tsh> quit
./sdriver.pl -t trace16.txt -s ./tsh -a "-p"
#
# trace16.txt - Tests whether the shell can handle SIGTSTP and SIGINT
#     signals that come from other processes instead of the terminal.
#
tsh> ./mystop 2
Job [1] (13804) stopped by signal 20
tsh> jobs
[1] (13804) Stopped ./mystop 2
tsh> ./myint 2
Job [2] (13810) terminated by signal 2
make[2]: Leaving directory `/home/std/kinux98/repre/shlab/src'
